20:31:26.243 INFO  - Processing command line option -hwspec C:/Users/zhang/lab/lab1v/lab1v.sdk/SDK/SDK_Export/hw/system.xml. 
20:33:42.244 INFO  - Processor reset is completed for ps7_cortexa9_0 
20:33:42.344 INFO  - PS initialization will be done as it is not done before. 
20:33:42.344 INFO  - Running PS initialization.... 
20:33:42.594 INFO  - ps7_init is completed. 
20:33:42.694 INFO  - PS Initialization is complete. 
20:34:21.883 INFO  - ps7_cortexa9_0 Processor is in use. Please stop existing Run or Debug sessions before launching. 
20:34:26.543 ERROR - Port COM4 is already in use. 
20:34:26.833 INFO  - Processor reset is completed for ps7_cortexa9_0 
20:34:45.558 INFO  - ps7_cortexa9_0 Processor is in use. Please stop existing Run or Debug sessions before launching. 
20:34:57.687 ERROR - Port COM4 is already in use. 
20:35:00.008 ERROR - Unexpected error while launching program. java.lang.RuntimeException: Error in Resetting Target

    Could not stop the processor after reset


	at com.xilinx.sdk.targetmanager.internal.TM.doProcessorReset(Unknown Source)
	at com.xilinx.sdk.debug.core.internal.AppRunner.run(Unknown Source)

20:35:41.205 ERROR - Port COM4 is already in use. 
20:35:41.602 ERROR - Unexpected error while launching program. java.lang.RuntimeException: Error in Resetting Target

    Could not stop the processor after reset


	at com.xilinx.sdk.targetmanager.internal.TM.doProcessorReset(Unknown Source)
	at com.xilinx.sdk.debug.core.internal.AppRunner.run(Unknown Source)

20:38:16.179 ERROR - Port COM4 is already in use. 
20:38:16.576 INFO  - Processor reset is completed for ps7_cortexa9_0 
20:38:16.676 INFO  - PS initialization will be done as it is not done before. 
20:38:16.676 INFO  - Running PS initialization.... 
20:38:16.972 INFO  - ps7_init is completed. 
20:38:17.072 INFO  - PS Initialization is complete. 
20:40:18.329 ERROR - Port COM4 is already in use. 
20:40:18.726 INFO  - Processor reset is completed for ps7_cortexa9_0 
20:41:30.650 INFO  - ps7_cortexa9_0 Processor is in use. Please stop existing Run or Debug sessions before launching. 
20:41:34.316 INFO  - Processor reset is completed for ps7_cortexa9_0 
20:42:41.777 INFO  - ps7_cortexa9_0 Processor is in use. Please stop existing Run or Debug sessions before launching. 
20:42:44.154 INFO  - Processor reset is completed for ps7_cortexa9_0 
20:42:47.680 ERROR - Port COM4 is already in use. 
20:44:31.276 INFO  - ps7_cortexa9_0 Processor is in use. Please stop existing Run or Debug sessions before launching. 
20:44:37.519 ERROR - Port COM4 is already in use. 
20:44:37.847 INFO  - Processor reset is completed for ps7_cortexa9_0 
20:46:51.966 INFO  - ps7_cortexa9_0 Processor is in use. Please stop existing Run or Debug sessions before launching. 
20:46:56.886 ERROR - Port COM4 is already in use. 
20:46:57.219 ERROR - Unexpected error while launching program. java.lang.RuntimeException: Error in Resetting Target

    Could not stop the processor after reset


	at com.xilinx.sdk.targetmanager.internal.TM.doProcessorReset(Unknown Source)
	at com.xilinx.sdk.debug.core.internal.AppRunner.run(Unknown Source)

20:50:25.204 ERROR - Port COM4 is already in use. 
20:50:25.601 ERROR - Unexpected error while launching program. java.lang.RuntimeException: Error in Resetting Target

    Could not stop the processor after reset


	at com.xilinx.sdk.targetmanager.internal.TM.doProcessorReset(Unknown Source)
	at com.xilinx.sdk.debug.core.internal.AppRunner.run(Unknown Source)

20:51:12.596 ERROR - Port COM4 is already in use. 
20:51:12.999 INFO  - Processor reset is completed for ps7_cortexa9_0 
20:51:13.099 INFO  - PS initialization will be done as it is not done before. 
20:51:13.099 INFO  - Running PS initialization.... 
20:51:13.391 INFO  - ps7_init is completed. 
20:51:13.491 INFO  - PS Initialization is complete. 
20:56:45.536 ERROR - Unable to disconnect from existing targets java.lang.NullPointerException
	at com.xilinx.sdk.targetmanager.internal.json.XMDJSONProcess.issueCommand(Unknown Source)
	at com.xilinx.sdk.targetmanager.internal.TM.disconnectTarget(Unknown Source)

20:56:45.636 ERROR - Unexpected error while fetching XMD's response:  java.net.SocketException: Connection reset
	at java.net.SocketInputStream.read(Unknown Source)
	at sun.nio.cs.StreamDecoder.readBytes(Unknown Source)

20:56:45.637 ERROR - Zero sized response read from XMD. This indicates a communication error or a programming error. 
