13:16:37.440 INFO  - Processing command line option -hwspec C:/xup/embedded/labs/lab1/lab1.sdk/SDK/SDK_Export/hw/system.xml. 
13:23:13.086 INFO  - Processor reset is completed for ps7_cortexa9_0 
13:23:13.195 INFO  - PS initialization will be done as it is not done before. 
13:23:13.195 INFO  - Running PS initialization.... 
13:23:13.507 INFO  - ps7_init is completed. 
13:23:13.617 INFO  - PS Initialization is complete. 
13:25:51.725 ERROR - Unexpected error while parsing XMD response ?: com.google.gson.JsonSyntaxException: com.google.gson.stream.MalformedJsonException: invalid number or unquoted string near  
07:35:54.492 INFO  - Processing command line option -hwspec C:/xup/embedded/labs/lab2/lab2.sdk/SDK/SDK_Export/hw/system.xml. 
07:35:54.738 INFO  - The hardware specification for project 'hw_platform_0' is different from C:/xup/embedded/labs/lab2/lab2.sdk/SDK/SDK_Export/hw/system.xml. 
07:35:54.776 INFO  - Copied contents of C:/xup/embedded/labs/lab2/lab2.sdk/SDK/SDK_Export/hw/system.xml into \hw_platform_0\system.xml. 
07:35:54.792 INFO  - Copied contents of C:\xup\embedded\labs\lab2\lab2.sdk\SDK\SDK_Export\hw\system_wrapper.bit into \hw_platform_0\system.bit. 
07:35:54.990 INFO  - Copied contents of C:\xup\embedded\labs\lab2\lab2.sdk\SDK\SDK_Export\hw\ps7_init.c into \hw_platform_0\ps7_init.c. 
07:35:55.004 INFO  - Copied contents of C:\xup\embedded\labs\lab2\lab2.sdk\SDK\SDK_Export\hw\ps7_init.h into \hw_platform_0\ps7_init.h. 
07:35:55.053 INFO  - Copied contents of C:\xup\embedded\labs\lab2\lab2.sdk\SDK\SDK_Export\hw\ps7_init.html into \hw_platform_0\ps7_init.html. 
07:35:55.055 INFO  - Copied contents of C:\xup\embedded\labs\lab2\lab2.sdk\SDK\SDK_Export\hw\ps7_summary.html into \hw_platform_0\ps7_summary.html. 
07:35:55.068 INFO  - Copied contents of C:\xup\embedded\labs\lab2\lab2.sdk\SDK\SDK_Export\hw\ps7_init.tcl into \hw_platform_0\ps7_init.tcl. 
07:35:55.262 INFO  - Synchronizing projects in the workspace with the hardware platform specification changes. 
07:35:56.677 INFO  - Updating MSS for Board Support Package Project: mem_test_bsp.
		 The following new driver assignments were made:
			Peripheral Instance: btns_4bit, driver: gpio_v3_01_a.
			Peripheral Instance: sw_4bit, driver: gpio_v3_01_a.
 
07:36:21.342 INFO  - Updating hardware inferred compiler options for mem_test. 
07:36:21.347 INFO  - Clearing existing target manager status. 
07:36:23.720 INFO  - Closing and re-opening the MSS file of ther project mem_test_bsp 
07:36:25.491 INFO  - Workspace synchronized with the new hardware specification file. Cleaning dependent projects... 
07:54:26.039 INFO  - FPGA configured successfully with bitstream "C:/xup/embedded/labs/lab2/lab2.sdk/SDK/SDK_Export/hw_platform_0/system.bit" 
07:54:55.017 INFO  - Processor reset is completed for ps7_cortexa9_0 
07:54:55.117 INFO  - PS initialization will be done as it is not done before. 
07:54:55.117 INFO  - Running PS initialization.... 
07:54:55.275 INFO  - ps7_init is completed. 
07:54:55.375 INFO  - ps7_post_config is completed. 
07:54:55.475 INFO  - PS Initialization is complete. 
08:04:35.543 ERROR - Unexpected error while parsing XMD response ?: com.google.gson.JsonSyntaxException: com.google.gson.stream.MalformedJsonException: invalid number or unquoted string near  
10:25:42.703 INFO  - Processing command line option -hwspec C:/Users/zhang/lab/lab4/lab4.sdk/SDK/SDK_Export/hw/system.xml. 
10:25:46.530 INFO  - The hardware specification for project 'hw_platform_0' is different from C:/Users/zhang/lab/lab4/lab4.sdk/SDK/SDK_Export/hw/system.xml. 
10:25:46.619 INFO  - Copied contents of C:/Users/zhang/lab/lab4/lab4.sdk/SDK/SDK_Export/hw/system.xml into \hw_platform_0\system.xml. 
10:25:46.635 INFO  - Copied contents of C:\Users\zhang\lab\lab4\lab4.sdk\SDK\SDK_Export\hw\system_wrapper.bit into \hw_platform_0\system_wrapper.bit. 
10:25:46.637 INFO  - Copied contents of C:\Users\zhang\lab\lab4\lab4.sdk\SDK\SDK_Export\hw\system_wrapper_bd.bmm into \hw_platform_0\system_bd.bmm. 
10:25:50.717 INFO  - Copied contents of C:\Users\zhang\lab\lab4\lab4.sdk\SDK\SDK_Export\hw\ps7_init.c into \hw_platform_0\ps7_init.c. 
10:25:51.278 INFO  - Copied contents of C:\Users\zhang\lab\lab4\lab4.sdk\SDK\SDK_Export\hw\ps7_init.h into \hw_platform_0\ps7_init.h. 
10:25:51.288 INFO  - Copied contents of C:\Users\zhang\lab\lab4\lab4.sdk\SDK\SDK_Export\hw\ps7_init.html into \hw_platform_0\ps7_init.html. 
10:25:51.290 INFO  - Copied contents of C:\Users\zhang\lab\lab4\lab4.sdk\SDK\SDK_Export\hw\ps7_summary.html into \hw_platform_0\ps7_summary.html. 
10:25:51.293 INFO  - Copied contents of C:\Users\zhang\lab\lab4\lab4.sdk\SDK\SDK_Export\hw\ps7_init.tcl into \hw_platform_0\ps7_init.tcl. 
10:25:51.985 INFO  - Synchronizing projects in the workspace with the hardware platform specification changes. 
10:25:52.883 ERROR - Exception while attemping to 'diff' files C:\Users\zhang\lab\lab4\lab4.sdk\SDK\SDK_Export\hw_platform_0\system_wrapper_bd.bmm and C:\Users\zhang\lab\lab4\lab4.sdk\SDK\SDK_Export\hw\system_wrapper_bd.bmm. 
10:25:52.883 INFO  - Updating .bit and .bmm files from XPS's export folder. 
10:25:57.708 INFO  - Updating MSS for Board Support Package Project: standalone_bsp_0.
		 The following new driver assignments were made:
			Peripheral Instance: axi_bram_ctrl_0, driver: bram_v3_03_a.
			Peripheral Instance: led_ip, driver: generic_v1_00_a.
 
10:26:09.376 INFO  - Copied contents of C:\Users\zhang\lab\lab4\lab4.sdk\SDK\SDK_Export\hw\system_wrapper.bit into \hw_platform_0\system_wrapper.bit. 
10:26:09.378 INFO  - Copied contents of C:\Users\zhang\lab\lab4\lab4.sdk\SDK\SDK_Export\hw\system_wrapper_bd.bmm into \hw_platform_0\system_wrapper_bd.bmm. 
10:26:10.168 INFO  - Updating hardware inferred compiler options for TestApp. 
10:26:10.172 INFO  - Clearing existing target manager status. 
10:26:17.063 ERROR - Unexpected error while obtaining referenced S/W project {} org.eclipse.core.internal.resources.ResourceException: Resource '/mem_test' is not open.
	at org.eclipse.core.internal.resources.Project.checkAccessible(Project.java:150)
	at org.eclipse.core.internal.resources.Project.getReferencedProjects(Project.java:521)

10:26:17.063 ERROR - Unexpected error while obtaining referenced S/W project {} org.eclipse.core.internal.resources.ResourceException: Resource '/mem_test_bsp' is not open.
	at org.eclipse.core.internal.resources.Project.checkAccessible(Project.java:150)
	at org.eclipse.core.internal.resources.Project.getReferencedProjects(Project.java:521)

10:42:29.523 INFO  - Saving repository preferences. 
10:42:29.525 INFO  - Reading in cores from local repositories: 
		 C:\Users\zhang\lab\lab_ip\led_ip_1.0 
10:42:29.555 INFO  - Updating libgen.options on all BSP projects. 
10:42:29.557 INFO  - Cleaning BSP projects in the workspace. 
10:44:52.151 INFO  - Settings changed on project standalone_bsp_0. Triggering a rebuild... 
10:44:53.272 INFO  - Refreshed build settings on project TestApp 
10:44:53.291 INFO  - Refreshed build settings on project lab4 
11:02:04.406 INFO  - FPGA configured successfully with bitstream "C:/Users/zhang/lab/lab4/lab4.sdk/SDK/SDK_Export/hw_platform_0/system_wrapper.bit" 
11:02:45.931 INFO  - Processor reset is completed for ps7_cortexa9_0 
11:02:46.031 INFO  - PS initialization will be done as it is not done before. 
11:02:46.031 INFO  - Running PS initialization.... 
11:02:46.263 INFO  - ps7_init is completed. 
11:02:46.363 INFO  - ps7_post_config is completed. 
11:02:46.463 INFO  - PS Initialization is complete. 
11:05:14.443 INFO  - FPGA Cable Disconnected. All active launches will be terminated. 
11:05:14.446 WARN  - Terminating existing sessions on processor ps7_cortexa9_0 
11:07:03.878 ERROR - Checking FPGA configuration failed..Lost communication with jtag cable. Run "xdisconnect -cable"
    and start over again

 
11:07:56.735 ERROR - Checking FPGA configuration failed..Lost communication with jtag cable. Run "xdisconnect -cable"
    and start over again

 
11:09:25.719 ERROR - Checking FPGA configuration failed..Lost communication with jtag cable. Run "xdisconnect -cable"
    and start over again

 
11:10:26.016 ERROR - Checking FPGA configuration failed..Lost communication with jtag cable. Run "xdisconnect -cable"
    and start over again

 
11:18:39.355 ERROR - Unexpected error while parsing XMD response ?: com.google.gson.JsonSyntaxException: com.google.gson.stream.MalformedJsonException: invalid number or unquoted string near  
11:19:37.018 INFO  - Processing command line option -hwspec C:/Users/zhang/lab/lab4/lab4.sdk/SDK/SDK_Export/hw/system.xml. 
11:20:01.131 INFO  - FPGA configured successfully with bitstream "C:/Users/zhang/lab/lab4/lab4.sdk/SDK/SDK_Export/hw_platform_0/system_wrapper.bit" 
11:20:32.691 INFO  - Processor reset is completed for ps7_cortexa9_0 
11:20:32.791 INFO  - PS initialization will be done as it is not done before. 
11:20:32.791 INFO  - Running PS initialization.... 
11:20:33.012 INFO  - ps7_init is completed. 
11:20:33.112 INFO  - ps7_post_config is completed. 
11:20:33.212 INFO  - PS Initialization is complete. 
11:25:48.357 INFO  - Successfully generated C:\Users\zhang\lab\lab4\output.ld. 
11:27:53.558 INFO  - Successfully generated C:\Users\zhang\lab\lab4\myoutput.ld. 
11:30:19.971 INFO  - Successfully generated C:\Users\zhang\lab\lab4\output.ld. 
11:31:09.631 INFO  - ps7_cortexa9_0 Processor is in use. Please stop existing Run or Debug sessions before launching. 
11:31:19.440 INFO  - ps7_cortexa9_0 Processor is in use. Please stop existing Run or Debug sessions before launching. 
11:31:21.867 INFO  - ps7_cortexa9_0 Processor is in use. Please stop existing Run or Debug sessions before launching. 
11:31:26.241 INFO  - Processor reset is completed for ps7_cortexa9_0 
11:32:25.842 INFO  - Time out for XMD transaction is 60000
If you want to increase the timeout value, goto Windows-> Preferences -> Xilinx SDK -> XMD Startup 
11:32:25.842 ERROR - Timeout occured while waiting to get reply for command "xstop 64" 
11:33:02.108 INFO  - Processor reset is completed for ps7_cortexa9_0 
11:34:41.531 ERROR - Unexpected error while launching program. java.lang.RuntimeException: Target selection failed.
	at com.xilinx.sdk.debug.core.XilinxAppLaunchConfigurationDelegate.debugApplication(Unknown Source)
	at com.xilinx.sdk.debug.core.XilinxAppLaunchConfigurationDelegate.launch(Unknown Source)

11:35:45.456 ERROR - Unexpected error while parsing XMD response ?: com.google.gson.JsonSyntaxException: com.google.gson.stream.MalformedJsonException: invalid number or unquoted string near  
10:23:17.518 INFO  - Restoring local repository preferences: 
		 C:\Users\zhang\lab\lab_ip\led_ip_1.0 
10:29:35.637 INFO  - Successfully generated C:\Users\zhang\lab\lab4\lab4.sdk\SDK\SDK_Export\lab4\src\lscript.ld. 
10:29:35.638 INFO  - Applying linker script to all configurations of project lab4. 
10:29:35.639 INFO  - Setting rebuild state to true for all configurations of project lab4. 
10:43:02.780 INFO  - Successfully generated C:\Users\zhang\lab\lab4\lab4.sdk\SDK\SDK_Export\lab4\src\lscript.ld. 
10:49:30.758 INFO  - FPGA configured successfully with bitstream "C:/Users/zhang/lab/lab4/lab4.sdk/SDK/SDK_Export/hw_platform_0/system_wrapper.bit" 
10:55:22.095 INFO  - Successfully generated C:\Users\zhang\lab\lab4\lab4.sdk\SDK\SDK_Export\lab4\src\lscript.ld. 
10:56:03.536 INFO  - FPGA configured successfully with bitstream "C:/Users/zhang/lab/lab4/lab4.sdk/SDK/SDK_Export/hw_platform_0/system_wrapper.bit" 
10:56:28.378 INFO  - Processor reset is completed for ps7_cortexa9_0 
10:56:28.478 INFO  - PS initialization will be done as it is not done before. 
10:56:28.478 INFO  - Running PS initialization.... 
10:56:28.963 INFO  - ps7_init is completed. 
10:56:29.063 INFO  - ps7_post_config is completed. 
10:56:29.163 INFO  - PS Initialization is complete. 
10:57:29.574 INFO  - Processor reset is completed for ps7_cortexa9_0 
10:57:29.674 INFO  - PS initialization will be done as it is not done before. 
10:57:29.674 INFO  - Running PS initialization.... 
10:57:29.875 INFO  - ps7_init is completed. 
10:57:29.975 INFO  - ps7_post_config is completed. 
10:57:30.075 INFO  - PS Initialization is complete. 
10:58:18.697 INFO  - ps7_cortexa9_0 Processor is in use. Please stop existing Run or Debug sessions before launching. 
10:58:23.596 INFO  - Processor reset is completed for ps7_cortexa9_0 
10:58:35.124 INFO  - ps7_cortexa9_0 Processor is in use. Please stop existing Run or Debug sessions before launching. 
10:58:38.222 INFO  - Processor reset is completed for ps7_cortexa9_0 
10:59:04.304 INFO  - Processor reset is completed for ps7_cortexa9_0 
10:59:04.404 INFO  - PS initialization will be done as it is not done before. 
10:59:04.404 INFO  - Running PS initialization.... 
10:59:04.619 INFO  - ps7_init is completed. 
10:59:04.719 INFO  - ps7_post_config is completed. 
10:59:04.819 INFO  - PS Initialization is complete. 
10:59:42.740 INFO  - ps7_cortexa9_0 Processor is in use. Please stop existing Run or Debug sessions before launching. 
11:00:32.982 ERROR - Unexpected error while parsing XMD response ?: com.google.gson.JsonSyntaxException: com.google.gson.stream.MalformedJsonException: invalid number or unquoted string near  
11:01:38.375 INFO  - Processor reset is completed for ps7_cortexa9_0 
11:01:38.475 INFO  - PS initialization will be done as it is not done before. 
11:01:38.475 INFO  - Running PS initialization.... 
11:01:38.713 INFO  - ps7_init is completed. 
11:01:38.813 INFO  - ps7_post_config is completed. 
11:01:38.913 INFO  - PS Initialization is complete. 
11:02:46.923 INFO  - ps7_cortexa9_0 Processor is in use. Please stop existing Run or Debug sessions before launching. 
11:02:50.921 INFO  - Processor reset is completed for ps7_cortexa9_0 
11:04:09.730 INFO  - FPGA Cable Disconnected. All active launches will be terminated. 
11:04:09.732 WARN  - Terminating existing sessions on processor ps7_cortexa9_0 
