22:36:02.617 ERROR - Unexpected error while launching program. com.xilinx.sdk.targetmanager.TMException: 
    Failed to Open JTAG Cable
    Cable target is not connected to the host

	at com.xilinx.sdk.targetmanager.internal.TM.connectToProcessor(Unknown Source)
	at com.xilinx.sdk.debug.core.internal.AppRunner.run(Unknown Source)

22:36:29.814 INFO  - Processor reset is completed for ps7_cortexa9_0 
22:36:29.914 INFO  - PS initialization will be done as it is not done before. 
22:36:29.915 INFO  - Running PS initialization.... 
22:36:30.629 INFO  - ps7_init is completed. 
22:36:30.729 INFO  - PS Initialization is complete. 
22:37:44.921 INFO  - Processor reset is completed for ps7_cortexa9_0 
22:37:44.928 INFO  - PS initialization will be done as it is not done before. 
22:37:44.929 INFO  - Running PS initialization.... 
22:37:45.454 INFO  - ps7_init is completed. 
22:37:45.554 INFO  - PS Initialization is complete. 
22:38:46.593 INFO  - Processor reset is completed for ps7_cortexa9_0 
22:38:46.693 INFO  - PS initialization will be done as it is not done before. 
22:38:46.694 INFO  - Running PS initialization.... 
22:38:47.632 INFO  - ps7_init is completed. 
22:38:47.732 INFO  - PS Initialization is complete. 
22:40:15.964 INFO  - Processor reset is completed for ps7_cortexa9_0 
22:40:51.344 INFO  - Processor reset is completed for ps7_cortexa9_0 
22:42:07.842 INFO  - Processor reset is completed for ps7_cortexa9_0 
22:43:28.634 INFO  - Processor reset is completed for ps7_cortexa9_0 
22:43:45.939 INFO  - Processor reset is completed for ps7_cortexa9_0 
22:43:46.039 INFO  - PS initialization will be done as it is not done before. 
22:43:46.040 INFO  - Running PS initialization.... 
22:43:46.650 INFO  - ps7_init is completed. 
22:43:46.750 INFO  - PS Initialization is complete. 
22:45:17.926 INFO  - Processor reset is completed for ps7_cortexa9_0 
22:45:18.026 INFO  - PS initialization will be done as it is not done before. 
22:45:18.027 INFO  - Running PS initialization.... 
22:45:18.967 INFO  - ps7_init is completed. 
22:45:19.067 INFO  - PS Initialization is complete. 
22:45:32.676 ERROR - Unexpected error while parsing XMD response ?: com.google.gson.JsonSyntaxException: com.google.gson.stream.MalformedJsonException: invalid number or unquoted string near  
