#-----------------------------------------------------------
# Vivado v2013.4 (64-bit)
# SW Build 353583 on Mon Dec  9 17:49:19 MST 2013
# IP Build 208076 on Mon Dec  2 12:38:17 MST 2013
# Start of session at: Sat Apr 18 21:27:52 2015
# Process ID: 8940
# Log file: C:/Users/zhang/lab/lab2/vivado.log
# Journal file: C:/Users/zhang/lab/lab2\vivado.jou
#-----------------------------------------------------------
Attempting to get a license: Implementation
WARNING: [Common 17-301] Failed to get a license: Implementation
WARNING: [Vivado 15-19] WARNING: No 'Implementation' license found. This message may be safely ignored if a Vivado WebPACK or device-locked license, common for board kits, will be used during implementation.

Attempting to get a license: Synthesis
WARNING: [Common 17-301] Failed to get a license: Synthesis
Loading parts and site information from D:/ChromeDownload/vivado/Vivado/2013.4/data/parts/arch.xml
Parsing RTL primitives file [D:/ChromeDownload/vivado/Vivado/2013.4/data/parts/xilinx/rtl/prims/rtl_prims.xml]
Finished parsing RTL primitives file [D:/ChromeDownload/vivado/Vivado/2013.4/data/parts/xilinx/rtl/prims/rtl_prims.xml]
start_gui
open_project {C:\Users\zhang\lab\lab2\lab2.xpr}
INFO: [Project 1-313] Project file moved from 'F:/Vivado_project/lab2' since last save.
Import path for source C:/Users/zhang/lab/lab2/lab2.srcs/sources_1/bd/system/system.bd: Could not find the file 'C:/Users/zhang/lab/lab1/lab1/lab1.srcs/sources_1/bd/system/system.bd', nor could it be found using path 'F:/Vivado_project/lab1/lab1/lab1.srcs/sources_1/bd/system/system.bd'.
Import path for source C:/Users/zhang/lab/lab2/lab2.srcs/sources_1/bd/system/hdl/system_wrapper.v: Could not find the file 'C:/Users/zhang/lab/lab1/lab1/lab1.srcs/sources_1/bd/system/hdl/system_wrapper.v', nor could it be found using path 'F:/Vivado_project/lab1/lab1/lab1.srcs/sources_1/bd/system/hdl/system_wrapper.v'.
Scanning sources...
Finished scanning sources
Import path for source C:/Users/zhang/lab/lab2/lab2.srcs/sources_1/bd/system/system.bd: Could not find the file 'C:/Users/zhang/lab/lab1/lab1/lab1.srcs/sources_1/bd/system/system.bd', nor could it be found using path 'F:/Vivado_project/lab1/lab1/lab1.srcs/sources_1/bd/system/system.bd'.
Import path for source C:/Users/zhang/lab/lab2/lab2.srcs/sources_1/bd/system/hdl/system_wrapper.v: Could not find the file 'C:/Users/zhang/lab/lab1/lab1/lab1.srcs/sources_1/bd/system/hdl/system_wrapper.v', nor could it be found using path 'F:/Vivado_project/lab1/lab1/lab1.srcs/sources_1/bd/system/hdl/system_wrapper.v'.
INFO: [IP_Flow 19-234] Refreshing IP repositories
INFO: [IP_Flow 19-1704] No user IP repositories specified
INFO: [IP_Flow 19-2313] Loaded Vivado IP repository 'D:/ChromeDownload/vivado/Vivado/2013.4/data/ip'.
open_project: Time (s): cpu = 00:00:30 ; elapsed = 00:00:16 . Memory (MB): peak = 961.508 ; gain = 82.684
WARNING: [Vivado 15-19] WARNING: No 'Implementation' license found. This message may be safely ignored if a Vivado WebPACK or device-locked license, common for board kits, will be used during implementation.

exit
INFO: [Common 17-206] Exiting Vivado at Sat Apr 18 21:33:43 2015...
